<?xml version="1.0" encoding="UTF-8"?>
<testng-results ignored="0" total="1" passed="1" failed="0" skipped="0">
  <reporter-output>
  </reporter-output>
  <suite started-at="2023-10-15T16:54:27 IST" name="Default suite" finished-at="2023-10-15T16:54:27 IST" duration-ms="74">
    <groups>
    </groups>
    <test started-at="2023-10-15T16:54:27 IST" name="Default test" finished-at="2023-10-15T16:54:27 IST" duration-ms="74">
      <class name="Practice.testNGtesting">
        <test-method is-config="true" signature="start()[pri:0, instance:Practice.testNGtesting@73a1e9a9]" started-at="2023-10-15T16:54:27 IST" name="start" finished-at="2023-10-15T16:54:27 IST" duration-ms="14" status="PASS">
          <reporter-output>
          </reporter-output>
        </test-method> <!-- start -->
        <test-method signature="name()[pri:0, instance:Practice.testNGtesting@73a1e9a9]" started-at="2023-10-15T16:54:27 IST" name="name" finished-at="2023-10-15T16:54:27 IST" duration-ms="6" status="PASS">
          <reporter-output>
          </reporter-output>
        </test-method> <!-- name -->
      </class> <!-- Practice.testNGtesting -->
    </test> <!-- Default test -->
  </suite> <!-- Default suite -->
</testng-results>
